# File location IFT3150

# create BlueprintRep repo in github
# clone it
git clone git@github.com:AlexandreCharland/BlueprintRep.git

# setup Python3.12 environnement for BlueprintRep
python3.12 -m venv BlueprintRep
. BlueprintRep/bin/activate
pip install --upgrade pip

# import graphviz librairy
export GRAPHVIZ_DIR=$(brew --prefix graphviz)
python3.12 -m pip install pygraphviz --config-settings=--global-option=build_ext --config-settings=--global-option="-I${GRAPHVIZ_DIR}/include" --config-settings=--global-option="-L${GRAPHVIZ_DIR}/lib"

# install leanblueprint
pip install -U leanblueprint

# create lake project
lake new BlueprintRep math
cd BlueprintRep

# build the project
lake build

# open VSCodium folder to
IFT3150/BlueprintRep

#If the projet is already setup
# File location IFT3150
python3.12 -m venv BlueprintRep
. BlueprintRep/bin/activate
cd BlueprintRep

# This allows to use leanblueprint
# Leanblueprint

leanblueprint all
# Update everything

leanblueprint pdf
# Generate only the pdf (useful for modifying a proof in the schema)

leanblueprint serve
# Preview of the graph and proof document
# Open this page on the web to see
http://127.0.0.1:8000/


